<?xml version="1.0" encoding="UTF-8"?>
<!-- Generated by org.testng.reporters.JUnitReportReporter -->
<testsuite hostname="Smrity-Laptop" failures="0" tests="2" name="session08.Authorization" time="3.333" errors="0" timestamp="2025-04-20T10:34:33 GMT+06:00" skipped="0">
  <testcase classname="session08.Authorization" name="BasicAuth" time="2.183"/>
  <system-out/>
  <testcase classname="session08.Authorization" name="DigestAuth" time="1.150"/>
  <system-out/>
</testsuite> <!-- session08.Authorization -->
