<?xml version="1.0" encoding="UTF-8"?>
<!-- Generated by org.testng.reporters.JUnitReportReporter -->
<testsuite hostname="Smrity-Laptop" failures="0" tests="1" name="Test_PostMethod" time="4.324" errors="0" timestamp="2025-03-27T10:23:58 GMT+06:00" skipped="0">
  <testcase classname="Test_PostMethod" name="test03" time="4.324"/>
  <system-out/>
</testsuite> <!-- Test_PostMethod -->
