<?xml version="1.0" encoding="UTF-8"?>
<!-- Generated by org.testng.reporters.JUnitReportReporter -->
<testsuite hostname="Smrity-Laptop" failures="0" tests="1" name="session13.QueryRequestSpecification" time="0.674" errors="0" timestamp="2025-05-05T16:03:37 GMT+06:00" skipped="0">
  <testcase classname="session13.QueryRequestSpecification" name="createUser" time="0.674"/>
  <system-out/>
</testsuite> <!-- session13.QueryRequestSpecification -->
