<?xml version="1.0" encoding="UTF-8"?>
<!-- Generated by org.testng.reporters.JUnitReportReporter -->
<testsuite hostname="Smrity-Laptop" failures="0" tests="3" name="session04.CheckForValidResponse" time="3.597" errors="0" timestamp="2025-04-06T11:32:05 GMT+06:00" skipped="2">
  <testcase classname="session04.CheckForValidResponse" name="GetSingleUser_BDDStyle" time="3.597"/>
  <system-out/>
  <testcase classname="session04.CheckForValidResponse" name="GetSingleUser">
    <skipped/>
  </testcase> <!-- GetSingleUser -->
  <system-out/>
  <testcase classname="session04.CheckForValidResponse" name="GetSingleUserUsingValidatableResponse">
    <skipped/>
  </testcase> <!-- GetSingleUserUsingValidatableResponse -->
  <system-out/>
</testsuite> <!-- session04.CheckForValidResponse -->
