<?xml version="1.0" encoding="UTF-8"?>
<!-- Generated by org.testng.reporters.JUnitReportReporter -->
<testsuite hostname="Smrity-Laptop" failures="0" tests="1" name="Test_PatchMethod" time="2.847" errors="0" timestamp="2025-03-27T10:47:49 GMT+06:00" skipped="0">
  <testcase classname="Test_PatchMethod" name="test04" time="2.847"/>
  <system-out/>
</testsuite> <!-- Test_PatchMethod -->
