<?xml version="1.0" encoding="UTF-8"?>
<!-- Generated by org.testng.reporters.JUnitReportReporter -->
<testsuite hostname="Smrity-Laptop" failures="0" tests="1" name="session09.AuthorizationDemo" time="3.762" errors="0" timestamp="2025-04-21T09:54:33 GMT+06:00" skipped="0">
  <testcase classname="session09.AuthorizationDemo" name="BearerToken" time="3.762"/>
  <system-out/>
</testsuite> <!-- session09.AuthorizationDemo -->
