<?xml version="1.0" encoding="UTF-8"?>
<!-- Generated by org.testng.reporters.JUnitReportReporter -->
<testsuite hostname="Smrity-Laptop" failures="0" tests="1" name="session10.AuthorizationDemo" time="3.448" errors="0" timestamp="2025-04-29T16:01:07 GMT+06:00" skipped="0">
  <testcase classname="session10.AuthorizationDemo" name="GetWeatherDataByCity" time="3.448"/>
  <system-out/>
</testsuite> <!-- session10.AuthorizationDemo -->
