<?xml version="1.0" encoding="UTF-8"?>
<!-- Generated by org.testng.reporters.JUnitReportReporter -->
<testsuite hostname="Smrity-Laptop" failures="0" tests="2" name="Test_GetMethod" time="3.899" errors="0" timestamp="2025-03-27T09:39:54 GMT+06:00" skipped="0">
  <testcase classname="Test_GetMethod" name="test01" time="3.765"/>
  <system-out/>
  <testcase classname="Test_GetMethod" name="test02" time="0.134"/>
  <system-out/>
</testsuite> <!-- Test_GetMethod -->
