<?xml version="1.0" encoding="UTF-8"?>
<!-- Generated by org.testng.reporters.JUnitReportReporter -->
<testsuite hostname="Smrity-Laptop" failures="0" tests="2" name="session16.JSONArrayDemo" time="2.957" errors="0" timestamp="2025-05-11T11:28:29 GMT+06:00" skipped="1">
  <testcase classname="session16.JSONArrayDemo" name="CreaterJSONArrayUsingList" time="2.957"/>
  <system-out/>
  <testcase classname="session16.JSONArrayDemo" name="CreateUserUsingJSONArray">
    <skipped/>
  </testcase> <!-- CreateUserUsingJSONArray -->
  <system-out/>
</testsuite> <!-- session16.JSONArrayDemo -->
