<?xml version="1.0" encoding="UTF-8"?>
<!-- Generated by org.testng.reporters.JUnitReportReporter -->
<testsuite hostname="Smrity-Laptop" failures="0" tests="1" name="session06.ValidateJsonResponseBody" time="2.809" errors="0" timestamp="2025-04-17T10:42:01 GMT+06:00" skipped="0">
  <testcase classname="session06.ValidateJsonResponseBody" name="UserListResponseBody" time="2.809"/>
  <system-out/>
</testsuite> <!-- session06.ValidateJsonResponseBody -->
