<?xml version="1.0" encoding="UTF-8"?>
<!-- Generated by org.testng.reporters.JUnitReportReporter -->
<testsuite hostname="Smrity-Laptop" failures="0" tests="1" name="FirstGetRequest" time="2.230" errors="0" timestamp="2025-03-25T10:29:05 GMT+06:00" skipped="0">
  <testcase classname="FirstGetRequest" name="testcase01" time="2.230"/>
  <system-out/>
</testsuite> <!-- FirstGetRequest -->
