<?xml version="1.0" encoding="UTF-8"?>
<!-- Generated by org.testng.reporters.JUnitReportReporter -->
<testsuite hostname="Smrity-Laptop" failures="0" tests="1" name="Test_PutMethod" time="4.129" errors="0" timestamp="2025-03-27T10:40:01 GMT+06:00" skipped="0">
  <testcase classname="Test_PutMethod" name="test04" time="4.129"/>
  <system-out/>
</testsuite> <!-- Test_PutMethod -->
