<?xml version="1.0" encoding="UTF-8"?>
<!-- Generated by org.testng.reporters.JUnitReportReporter -->
<testsuite hostname="Smrity-Laptop" failures="0" tests="1" name="Test_DeleteMethod" time="2.561" errors="0" timestamp="2025-03-27T11:27:11 GMT+06:00" skipped="0">
  <testcase classname="Test_DeleteMethod" name="test06" time="2.561"/>
  <system-out/>
</testsuite> <!-- Test_DeleteMethod -->
