<?xml version="1.0" encoding="UTF-8"?>
<!-- Generated by org.testng.reporters.JUnitReportReporter -->
<testsuite hostname="Smrity-Laptop" failures="0" tests="1" name="FirstGetRequest" time="2.466" errors="0" timestamp="2025-04-16T15:06:01 GMT+06:00" skipped="0">
  <testcase classname="FirstGetRequest" name="testcase01" time="2.466"/>
  <system-out/>
</testsuite> <!-- FirstGetRequest -->
